2021-09-24 09:57:47,495 [Worker-5: Loading available Gradle versions] INFO  o.e.b.c.i.u.g.PublishedGradleVersions - Gradle version information cache is up-to-date. Trying to read.
2021-09-24 09:59:56,685 [Worker-23: Search the Maven coordinates for E:\cauhinhJv4notdelete\apache-tomcat-8.5.61\lib\tomcat-jdbc.jar] INFO  o.e.m.c.i.e.AbstractTransferListenerAdapter - Downloading https://repo.maven.apache.org/maven2/org/apache/tomcat/tomcat-jdbc/8.5.61/tomcat-jdbc-8.5.61.jar
2021-09-24 09:59:57,014 [Worker-25: Search the Maven coordinates for E:\cauhinhJv4notdelete\apache-tomcat-8.5.61\lib\tomcat-util-scan.jar] INFO  o.e.m.c.i.e.AbstractTransferListenerAdapter - Downloading https://repo.maven.apache.org/maven2/org/apache/tomcat/tomcat-util-scan/8.5.61/tomcat-util-scan-8.5.61.jar
2021-09-24 09:59:57,114 [Worker-10: Search the Maven coordinates for E:\cauhinhJv4notdelete\apache-tomcat-8.5.61\lib\catalina.jar] INFO  o.e.m.c.i.e.AbstractTransferListenerAdapter - Downloading https://repo.maven.apache.org/maven2/org/apache/tomcat/tomcat-catalina/8.5.61/tomcat-catalina-8.5.61.jar
2021-09-24 09:59:57,572 [Worker-9: Search the Maven coordinates for E:\cauhinhJv4notdelete\apache-tomcat-8.5.61\lib\tomcat-coyote.jar] INFO  o.e.m.c.i.e.AbstractTransferListenerAdapter - Downloading https://repo.maven.apache.org/maven2/org/apache/tomcat/tomcat-coyote/8.5.61/tomcat-coyote-8.5.61.jar
2021-09-24 09:59:58,037 [Worker-17: Search the Maven coordinates for E:\cauhinhJv4notdelete\apache-tomcat-8.5.61\lib\tomcat-i18n-es.jar] INFO  o.e.m.c.i.e.AbstractTransferListenerAdapter - Downloading https://repo.maven.apache.org/maven2/org/apache/tomcat/tomcat-i18n-es/8.5.61/tomcat-i18n-es-8.5.61.jar
2021-09-24 09:59:58,903 [Worker-22: Search the Maven coordinates for E:\cauhinhJv4notdelete\apache-tomcat-8.5.61\lib\tomcat-i18n-zh-CN.jar] INFO  o.e.m.c.i.e.AbstractTransferListenerAdapter - Downloading https://repo.maven.apache.org/maven2/org/apache/tomcat/tomcat-i18n-zh-CN/8.5.61/tomcat-i18n-zh-CN-8.5.61.jar
2021-09-24 09:59:59,456 [Worker-25: Search the Maven coordinates for E:\cauhinhJv4notdelete\apache-tomcat-8.5.61\lib\tomcat-util-scan.jar] INFO  o.e.m.c.i.e.AbstractTransferListenerAdapter - Downloaded https://repo.maven.apache.org/maven2/org/apache/tomcat/tomcat-util-scan/8.5.61/tomcat-util-scan-8.5.61.jar
2021-09-24 09:59:59,542 [Worker-4: Search the Maven coordinates for E:\cauhinhJv4notdelete\apache-tomcat-8.5.61\lib\catalina-ha.jar] INFO  o.e.m.c.i.e.AbstractTransferListenerAdapter - Downloading https://repo.maven.apache.org/maven2/org/apache/tomcat/tomcat-catalina-ha/8.5.61/tomcat-catalina-ha-8.5.61.jar
2021-09-24 09:59:59,571 [Worker-13: Search the Maven coordinates for E:\cauhinhJv4notdelete\apache-tomcat-8.5.61\lib\tomcat-api.jar] INFO  o.e.m.c.i.e.AbstractTransferListenerAdapter - Downloading https://repo.maven.apache.org/maven2/org/apache/tomcat/tomcat-api/8.5.61/tomcat-api-8.5.61.jar
2021-09-24 09:59:59,705 [Worker-17: Search the Maven coordinates for E:\cauhinhJv4notdelete\apache-tomcat-8.5.61\lib\tomcat-i18n-es.jar] INFO  o.e.m.c.i.e.AbstractTransferListenerAdapter - Downloaded https://repo.maven.apache.org/maven2/org/apache/tomcat/tomcat-i18n-es/8.5.61/tomcat-i18n-es-8.5.61.jar
2021-09-24 09:59:59,849 [Worker-18: Search the Maven coordinates for E:\cauhinhJv4notdelete\apache-tomcat-8.5.61\lib\tomcat-i18n-fr.jar] INFO  o.e.m.c.i.e.AbstractTransferListenerAdapter - Downloading https://repo.maven.apache.org/maven2/org/apache/tomcat/tomcat-i18n-fr/8.5.61/tomcat-i18n-fr-8.5.61.jar
2021-09-24 10:00:00,750 [Worker-3: Search the Maven coordinates for E:\cauhinhJv4notdelete\apache-tomcat-8.5.61\lib\jaspic-api.jar] INFO  o.e.m.c.i.e.AbstractTransferListenerAdapter - Downloading https://repo.maven.apache.org/maven2/org/apache/tomcat/tomcat-jaspic-api/8.5.61/tomcat-jaspic-api-8.5.61.jar
2021-09-24 10:00:01,790 [Worker-16: Search the Maven coordinates for E:\cauhinhJv4notdelete\apache-tomcat-8.5.61\lib\tomcat-i18n-de.jar] INFO  o.e.m.c.i.e.AbstractTransferListenerAdapter - Downloading https://repo.maven.apache.org/maven2/org/apache/tomcat/tomcat-i18n-de/8.5.61/tomcat-i18n-de-8.5.61.jar
2021-09-24 10:00:02,705 [Worker-3: Search the Maven coordinates for E:\cauhinhJv4notdelete\apache-tomcat-8.5.61\lib\jaspic-api.jar] INFO  o.e.m.c.i.e.AbstractTransferListenerAdapter - Downloaded https://repo.maven.apache.org/maven2/org/apache/tomcat/tomcat-jaspic-api/8.5.61/tomcat-jaspic-api-8.5.61.jar
2021-09-24 10:00:02,905 [Worker-13: Search the Maven coordinates for E:\cauhinhJv4notdelete\apache-tomcat-8.5.61\lib\tomcat-api.jar] INFO  o.e.m.c.i.e.AbstractTransferListenerAdapter - Downloaded https://repo.maven.apache.org/maven2/org/apache/tomcat/tomcat-api/8.5.61/tomcat-api-8.5.61.jar
2021-09-24 10:00:03,063 [Worker-16: Search the Maven coordinates for E:\cauhinhJv4notdelete\apache-tomcat-8.5.61\lib\tomcat-i18n-de.jar] INFO  o.e.m.c.i.e.AbstractTransferListenerAdapter - Downloaded https://repo.maven.apache.org/maven2/org/apache/tomcat/tomcat-i18n-de/8.5.61/tomcat-i18n-de-8.5.61.jar
2021-09-24 10:00:05,052 [Worker-27: Search the Maven coordinates for E:\cauhinhJv4notdelete\apache-tomcat-8.5.61\lib\tomcat-websocket.jar] INFO  o.e.m.c.i.e.AbstractTransferListenerAdapter - Downloading https://repo.maven.apache.org/maven2/org/apache/tomcat/tomcat-websocket/8.5.61/tomcat-websocket-8.5.61.jar
2021-09-24 10:00:05,999 [Worker-26: Search the Maven coordinates for E:\cauhinhJv4notdelete\apache-tomcat-8.5.61\lib\tomcat-util.jar] INFO  o.e.m.c.i.e.AbstractTransferListenerAdapter - Downloading https://repo.maven.apache.org/maven2/org/apache/tomcat/tomcat-util/8.5.61/tomcat-util-8.5.61.jar
2021-09-24 10:00:06,033 [Worker-19: Search the Maven coordinates for E:\cauhinhJv4notdelete\apache-tomcat-8.5.61\lib\tomcat-i18n-ja.jar] INFO  o.e.m.c.i.e.AbstractTransferListenerAdapter - Downloading https://repo.maven.apache.org/maven2/org/apache/tomcat/tomcat-i18n-ja/8.5.61/tomcat-i18n-ja-8.5.61.jar
2021-09-24 10:00:06,284 [Worker-12: Search the Maven coordinates for E:\cauhinhJv4notdelete\apache-tomcat-8.5.61\lib\jasper-el.jar] INFO  o.e.m.c.i.e.AbstractTransferListenerAdapter - Downloading https://repo.maven.apache.org/maven2/org/apache/tomcat/tomcat-jasper-el/8.5.61/tomcat-jasper-el-8.5.61.jar
2021-09-24 10:00:07,064 [Worker-20: Search the Maven coordinates for E:\cauhinhJv4notdelete\apache-tomcat-8.5.61\lib\tomcat-i18n-ko.jar] INFO  o.e.m.c.i.e.AbstractTransferListenerAdapter - Downloading https://repo.maven.apache.org/maven2/org/apache/tomcat/tomcat-i18n-ko/8.5.61/tomcat-i18n-ko-8.5.61.jar
2021-09-24 10:00:07,362 [Worker-23: Search the Maven coordinates for E:\cauhinhJv4notdelete\apache-tomcat-8.5.61\lib\tomcat-jdbc.jar] INFO  o.e.m.c.i.e.AbstractTransferListenerAdapter - Downloaded https://repo.maven.apache.org/maven2/org/apache/tomcat/tomcat-jdbc/8.5.61/tomcat-jdbc-8.5.61.jar
2021-09-24 10:00:07,408 [Worker-27: Search the Maven coordinates for E:\cauhinhJv4notdelete\apache-tomcat-8.5.61\lib\tomcat-websocket.jar] INFO  o.e.m.c.i.e.AbstractTransferListenerAdapter - Downloaded https://repo.maven.apache.org/maven2/org/apache/tomcat/tomcat-websocket/8.5.61/tomcat-websocket-8.5.61.jar
2021-09-24 10:00:07,788 [Worker-4: Search the Maven coordinates for E:\cauhinhJv4notdelete\apache-tomcat-8.5.61\lib\catalina-ha.jar] INFO  o.e.m.c.i.e.AbstractTransferListenerAdapter - Downloaded https://repo.maven.apache.org/maven2/org/apache/tomcat/tomcat-catalina-ha/8.5.61/tomcat-catalina-ha-8.5.61.jar
2021-09-24 10:00:07,886 [Worker-26: Search the Maven coordinates for E:\cauhinhJv4notdelete\apache-tomcat-8.5.61\lib\tomcat-util.jar] INFO  o.e.m.c.i.e.AbstractTransferListenerAdapter - Downloaded https://repo.maven.apache.org/maven2/org/apache/tomcat/tomcat-util/8.5.61/tomcat-util-8.5.61.jar
2021-09-24 10:00:10,074 [Worker-5: Search the Maven coordinates for E:\cauhinhJv4notdelete\apache-tomcat-8.5.61\lib\catalina-storeconfig.jar] INFO  o.e.m.c.i.e.AbstractTransferListenerAdapter - Downloading https://repo.maven.apache.org/maven2/org/apache/tomcat/tomcat-storeconfig/8.5.61/tomcat-storeconfig-8.5.61.jar
2021-09-24 10:00:12,962 [Worker-5: Search the Maven coordinates for E:\cauhinhJv4notdelete\apache-tomcat-8.5.61\lib\catalina-storeconfig.jar] INFO  o.e.m.c.i.e.AbstractTransferListenerAdapter - Downloaded https://repo.maven.apache.org/maven2/org/apache/tomcat/tomcat-storeconfig/8.5.61/tomcat-storeconfig-8.5.61.jar
2021-09-24 10:00:13,683 [Worker-20: Search the Maven coordinates for E:\cauhinhJv4notdelete\apache-tomcat-8.5.61\lib\tomcat-i18n-ko.jar] INFO  o.e.m.c.i.e.AbstractTransferListenerAdapter - Downloaded https://repo.maven.apache.org/maven2/org/apache/tomcat/tomcat-i18n-ko/8.5.61/tomcat-i18n-ko-8.5.61.jar
2021-09-24 10:00:18,181 [Worker-24: Search the Maven coordinates for E:\cauhinhJv4notdelete\apache-tomcat-8.5.61\lib\tomcat-jni.jar] INFO  o.e.m.c.i.e.AbstractTransferListenerAdapter - Downloading https://repo.maven.apache.org/maven2/org/apache/tomcat/tomcat-jni/8.5.61/tomcat-jni-8.5.61.jar
2021-09-24 10:00:19,352 [Worker-18: Search the Maven coordinates for E:\cauhinhJv4notdelete\apache-tomcat-8.5.61\lib\tomcat-i18n-fr.jar] INFO  o.e.m.c.i.e.AbstractTransferListenerAdapter - Downloaded https://repo.maven.apache.org/maven2/org/apache/tomcat/tomcat-i18n-fr/8.5.61/tomcat-i18n-fr-8.5.61.jar
2021-09-24 10:00:19,675 [Worker-24: Search the Maven coordinates for E:\cauhinhJv4notdelete\apache-tomcat-8.5.61\lib\tomcat-jni.jar] INFO  o.e.m.c.i.e.AbstractTransferListenerAdapter - Downloaded https://repo.maven.apache.org/maven2/org/apache/tomcat/tomcat-jni/8.5.61/tomcat-jni-8.5.61.jar
2021-09-24 10:00:21,653 [Worker-12: Search the Maven coordinates for E:\cauhinhJv4notdelete\apache-tomcat-8.5.61\lib\jasper-el.jar] INFO  o.e.m.c.i.e.AbstractTransferListenerAdapter - Downloaded https://repo.maven.apache.org/maven2/org/apache/tomcat/tomcat-jasper-el/8.5.61/tomcat-jasper-el-8.5.61.jar
2021-09-24 10:00:26,081 [Worker-2: Search the Maven coordinates for E:\cauhinhJv4notdelete\apache-tomcat-8.5.61\lib\tomcat-dbcp.jar] INFO  o.e.m.c.i.e.AbstractTransferListenerAdapter - Downloading https://repo.maven.apache.org/maven2/org/apache/tomcat/tomcat-dbcp/8.5.61/tomcat-dbcp-8.5.61.jar
2021-09-24 10:00:27,464 [Worker-22: Search the Maven coordinates for E:\cauhinhJv4notdelete\apache-tomcat-8.5.61\lib\tomcat-i18n-zh-CN.jar] INFO  o.e.m.c.i.e.AbstractTransferListenerAdapter - Downloaded https://repo.maven.apache.org/maven2/org/apache/tomcat/tomcat-i18n-zh-CN/8.5.61/tomcat-i18n-zh-CN-8.5.61.jar
2021-09-24 10:00:36,104 [Worker-19: Search the Maven coordinates for E:\cauhinhJv4notdelete\apache-tomcat-8.5.61\lib\tomcat-i18n-ja.jar] INFO  o.e.m.c.i.e.AbstractTransferListenerAdapter - Downloaded https://repo.maven.apache.org/maven2/org/apache/tomcat/tomcat-i18n-ja/8.5.61/tomcat-i18n-ja-8.5.61.jar
2021-09-24 10:00:39,023 [Worker-15: Search the Maven coordinates for E:\cauhinhJv4notdelete\apache-tomcat-8.5.61\lib\jsp-api.jar] INFO  o.e.m.c.i.e.AbstractTransferListenerAdapter - Downloading https://repo.maven.apache.org/maven2/org/apache/tomcat/tomcat-jsp-api/8.5.61/tomcat-jsp-api-8.5.61.jar
2021-09-24 10:00:40,274 [Worker-15: Search the Maven coordinates for E:\cauhinhJv4notdelete\apache-tomcat-8.5.61\lib\jsp-api.jar] INFO  o.e.m.c.i.e.AbstractTransferListenerAdapter - Downloaded https://repo.maven.apache.org/maven2/org/apache/tomcat/tomcat-jsp-api/8.5.61/tomcat-jsp-api-8.5.61.jar
2021-09-24 10:00:52,938 [Worker-2: Search the Maven coordinates for E:\cauhinhJv4notdelete\apache-tomcat-8.5.61\lib\tomcat-dbcp.jar] INFO  o.e.m.c.i.e.AbstractTransferListenerAdapter - Downloaded https://repo.maven.apache.org/maven2/org/apache/tomcat/tomcat-dbcp/8.5.61/tomcat-dbcp-8.5.61.jar
2021-09-24 10:00:58,587 [Worker-0: Search the Maven coordinates for E:\cauhinhJv4notdelete\apache-tomcat-8.5.61\lib\jasper.jar] INFO  o.e.m.c.i.e.AbstractTransferListenerAdapter - Downloading https://repo.maven.apache.org/maven2/org/apache/tomcat/tomcat-jasper/8.5.61/tomcat-jasper-8.5.61.jar
2021-09-24 10:00:58,991 [Worker-14: Search the Maven coordinates for E:\cauhinhJv4notdelete\apache-tomcat-8.5.61\lib\catalina-tribes.jar] INFO  o.e.m.c.i.e.AbstractTransferListenerAdapter - Downloading https://repo.maven.apache.org/maven2/org/apache/tomcat/tomcat-tribes/8.5.61/tomcat-tribes-8.5.61.jar
2021-09-24 10:01:01,245 [Worker-14: Search the Maven coordinates for E:\cauhinhJv4notdelete\apache-tomcat-8.5.61\lib\catalina-tribes.jar] INFO  o.e.m.c.i.e.AbstractTransferListenerAdapter - Downloaded https://repo.maven.apache.org/maven2/org/apache/tomcat/tomcat-tribes/8.5.61/tomcat-tribes-8.5.61.jar
2021-09-24 10:01:02,096 [Worker-11: Search the Maven coordinates for E:\cauhinhJv4notdelete\apache-tomcat-8.5.61\lib\servlet-api.jar] INFO  o.e.m.c.i.e.AbstractTransferListenerAdapter - Downloading https://repo.maven.apache.org/maven2/org/apache/tomcat/tomcat-servlet-api/8.5.61/tomcat-servlet-api-8.5.61.jar
2021-09-24 10:01:03,924 [Worker-11: Search the Maven coordinates for E:\cauhinhJv4notdelete\apache-tomcat-8.5.61\lib\servlet-api.jar] INFO  o.e.m.c.i.e.AbstractTransferListenerAdapter - Downloaded https://repo.maven.apache.org/maven2/org/apache/tomcat/tomcat-servlet-api/8.5.61/tomcat-servlet-api-8.5.61.jar
2021-09-24 10:01:12,024 [Worker-9: Search the Maven coordinates for E:\cauhinhJv4notdelete\apache-tomcat-8.5.61\lib\tomcat-coyote.jar] INFO  o.e.m.c.i.e.AbstractTransferListenerAdapter - Downloaded https://repo.maven.apache.org/maven2/org/apache/tomcat/tomcat-coyote/8.5.61/tomcat-coyote-8.5.61.jar
2021-09-24 10:01:18,435 [Worker-1: Search the Maven coordinates for E:\cauhinhJv4notdelete\apache-tomcat-8.5.61\lib\catalina-ant.jar] INFO  o.e.m.c.i.e.AbstractTransferListenerAdapter - Downloading https://repo.maven.apache.org/maven2/org/apache/tomcat/tomcat-catalina-ant/8.5.61/tomcat-catalina-ant-8.5.61.jar
2021-09-24 10:01:19,534 [Worker-1: Search the Maven coordinates for E:\cauhinhJv4notdelete\apache-tomcat-8.5.61\lib\catalina-ant.jar] INFO  o.e.m.c.i.e.AbstractTransferListenerAdapter - Downloaded https://repo.maven.apache.org/maven2/org/apache/tomcat/tomcat-catalina-ant/8.5.61/tomcat-catalina-ant-8.5.61.jar
2021-09-24 10:02:32,645 [Worker-0: Search the Maven coordinates for E:\cauhinhJv4notdelete\apache-tomcat-8.5.61\lib\jasper.jar] INFO  o.e.m.c.i.e.AbstractTransferListenerAdapter - Downloaded https://repo.maven.apache.org/maven2/org/apache/tomcat/tomcat-jasper/8.5.61/tomcat-jasper-8.5.61.jar
2021-09-24 10:03:49,911 [Worker-10: Search the Maven coordinates for E:\cauhinhJv4notdelete\apache-tomcat-8.5.61\lib\catalina.jar] INFO  o.e.m.c.i.e.AbstractTransferListenerAdapter - Downloaded https://repo.maven.apache.org/maven2/org/apache/tomcat/tomcat-catalina/8.5.61/tomcat-catalina-8.5.61.jar
2021-09-24 10:07:16,686 [Worker-34: Enabling Maven Dependency Management] INFO  o.e.m.c.i.l.LifecycleMappingFactory - Using org.maven.ide.eclipse.wtp.WarLifecycleMapping lifecycle mapping for MavenProject: DuAnNhaTruong:DuAnNhaTruong:0.0.1-SNAPSHOT @ C:\Users\admin\Desktop\DuAn\DuAnNhaTruong\pom.xml.
2021-09-24 10:07:24,156 [Worker-32: Building] WARN  o.e.m.c.i.embedder.EclipseLogger - Using platform encoding (Cp1252 actually) to copy filtered resources, i.e. build is platform dependent!
2021-09-24 10:07:24,166 [Worker-32: Building] INFO  o.e.m.c.i.embedder.EclipseLogger - skip non existing resourceDirectory C:\Users\admin\Desktop\DuAn\DuAnNhaTruong\src\main\resources
2021-09-24 10:07:24,171 [Worker-32: Building] WARN  o.e.m.c.i.embedder.EclipseLogger - Using platform encoding (Cp1252 actually) to copy filtered resources, i.e. build is platform dependent!
2021-09-24 10:07:24,173 [Worker-32: Building] INFO  o.e.m.c.i.embedder.EclipseLogger - skip non existing resourceDirectory C:\Users\admin\Desktop\DuAn\DuAnNhaTruong\src\test\resources
2021-09-24 10:07:24,282 [Worker-34: Enabling Maven Dependency Management] INFO  o.e.m.j.i.AbstractJavaProjectConfigurator - Adding source folder /DuAnNhaTruong/src/main/java
2021-09-24 10:07:24,283 [Worker-34: Enabling Maven Dependency Management] INFO  o.e.m.j.i.AbstractJavaProjectConfigurator - Adding source folder /DuAnNhaTruong/src/test/java
2021-09-24 10:07:25,732 [Worker-34: Enabling Maven Dependency Management] INFO  o.e.m.c.i.p.ProjectConfigurationManager - Update started
2021-09-24 10:07:27,396 [Worker-34: Enabling Maven Dependency Management] INFO  o.e.m.c.i.l.LifecycleMappingFactory - Using org.maven.ide.eclipse.wtp.WarLifecycleMapping lifecycle mapping for MavenProject: DuAnNhaTruong:DuAnNhaTruong:0.0.1-SNAPSHOT @ C:\Users\admin\Desktop\DuAn\DuAnNhaTruong\pom.xml.
2021-09-24 10:07:28,747 [Worker-34: Enabling Maven Dependency Management] INFO  o.e.m.j.i.AbstractJavaProjectConfigurator - Adding source folder /DuAnNhaTruong/src/main/java
2021-09-24 10:07:28,748 [Worker-34: Enabling Maven Dependency Management] INFO  o.e.m.j.i.AbstractJavaProjectConfigurator - Adding source folder /DuAnNhaTruong/src/test/java
2021-09-24 10:07:29,596 [Worker-34: Enabling Maven Dependency Management] INFO  o.e.m.w.i.f.ResourceFilteringBuildParticipant - Cleaning filtered folder for DuAnNhaTruong
2021-09-24 10:07:29,613 [Worker-34: Enabling Maven Dependency Management] INFO  o.e.m.c.i.p.ProjectConfigurationManager - Update completed: 3 sec
2021-09-24 10:07:45,036 [Worker-35: Building] WARN  o.e.m.c.i.embedder.EclipseLogger - Using platform encoding (Cp1252 actually) to copy filtered resources, i.e. build is platform dependent!
2021-09-24 10:07:45,038 [Worker-35: Building] INFO  o.e.m.c.i.embedder.EclipseLogger - skip non existing resourceDirectory C:\Users\admin\Desktop\DuAn\DuAnNhaTruong\src\main\resources
2021-09-24 10:07:45,052 [Worker-35: Building] WARN  o.e.m.c.i.embedder.EclipseLogger - Using platform encoding (Cp1252 actually) to copy filtered resources, i.e. build is platform dependent!
2021-09-24 10:07:45,057 [Worker-35: Building] INFO  o.e.m.c.i.embedder.EclipseLogger - skip non existing resourceDirectory C:\Users\admin\Desktop\DuAn\DuAnNhaTruong\src\test\resources
2021-09-24 10:07:45,083 [Worker-35: Building] INFO  o.e.m.w.i.f.ResourceFilteringBuildParticipant - Changed resources require a complete clean of filtered resources of DuAnNhaTruong
2021-09-24 10:07:45,085 [Worker-35: Building] INFO  o.e.m.w.i.f.ResourceFilteringBuildParticipant - Executing resource filtering for DuAnNhaTruong
2021-09-24 10:07:45,167 [Worker-35: Building] WARN  o.e.m.c.i.embedder.EclipseLogger - Using platform encoding (Cp1252 actually) to copy filtered resources, i.e. build is platform dependent!
2021-09-24 10:10:47,141 [Worker-33: Building] WARN  o.e.m.c.i.embedder.EclipseLogger - Using platform encoding (Cp1252 actually) to copy filtered resources, i.e. build is platform dependent!
2021-09-24 10:10:47,143 [Worker-33: Building] INFO  o.e.m.c.i.embedder.EclipseLogger - skip non existing resourceDirectory C:\Users\admin\Desktop\DuAn\DuAnNhaTruong\src\main\resources
2021-09-24 10:10:47,177 [Worker-33: Building] WARN  o.e.m.c.i.embedder.EclipseLogger - Using platform encoding (Cp1252 actually) to copy filtered resources, i.e. build is platform dependent!
2021-09-24 10:10:47,195 [Worker-33: Building] INFO  o.e.m.c.i.embedder.EclipseLogger - skip non existing resourceDirectory C:\Users\admin\Desktop\DuAn\DuAnNhaTruong\src\test\resources
2021-09-24 10:12:02,639 [Worker-38: Building] WARN  o.e.m.c.i.embedder.EclipseLogger - Using platform encoding (Cp1252 actually) to copy filtered resources, i.e. build is platform dependent!
2021-09-24 10:12:02,640 [Worker-38: Building] INFO  o.e.m.c.i.embedder.EclipseLogger - skip non existing resourceDirectory C:\Users\admin\Desktop\DuAn\DuAnNhaTruong\src\main\resources
2021-09-24 10:12:02,642 [Worker-38: Building] WARN  o.e.m.c.i.embedder.EclipseLogger - Using platform encoding (Cp1252 actually) to copy filtered resources, i.e. build is platform dependent!
2021-09-24 10:12:02,644 [Worker-38: Building] INFO  o.e.m.c.i.embedder.EclipseLogger - skip non existing resourceDirectory C:\Users\admin\Desktop\DuAn\DuAnNhaTruong\src\test\resources
2021-09-24 10:14:23,347 [Worker-42: Building] WARN  o.e.m.c.i.embedder.EclipseLogger - Using platform encoding (Cp1252 actually) to copy filtered resources, i.e. build is platform dependent!
2021-09-24 10:14:23,382 [Worker-42: Building] INFO  o.e.m.c.i.embedder.EclipseLogger - skip non existing resourceDirectory C:\Users\admin\Desktop\DuAn\DuAnNhaTruong\src\main\resources
2021-09-24 10:14:23,402 [Worker-42: Building] WARN  o.e.m.c.i.embedder.EclipseLogger - Using platform encoding (Cp1252 actually) to copy filtered resources, i.e. build is platform dependent!
2021-09-24 10:14:23,408 [Worker-42: Building] INFO  o.e.m.c.i.embedder.EclipseLogger - skip non existing resourceDirectory C:\Users\admin\Desktop\DuAn\DuAnNhaTruong\src\test\resources
2021-09-24 10:15:48,117 [Worker-42: Building] WARN  o.e.m.c.i.embedder.EclipseLogger - Using platform encoding (Cp1252 actually) to copy filtered resources, i.e. build is platform dependent!
2021-09-24 10:15:48,118 [Worker-42: Building] INFO  o.e.m.c.i.embedder.EclipseLogger - skip non existing resourceDirectory C:\Users\admin\Desktop\DuAn\DuAnNhaTruong\src\main\resources
2021-09-24 10:15:48,121 [Worker-42: Building] WARN  o.e.m.c.i.embedder.EclipseLogger - Using platform encoding (Cp1252 actually) to copy filtered resources, i.e. build is platform dependent!
2021-09-24 10:15:48,122 [Worker-42: Building] INFO  o.e.m.c.i.embedder.EclipseLogger - skip non existing resourceDirectory C:\Users\admin\Desktop\DuAn\DuAnNhaTruong\src\test\resources
2021-09-24 10:15:49,472 [Worker-41: Building] WARN  o.e.m.c.i.embedder.EclipseLogger - Using platform encoding (Cp1252 actually) to copy filtered resources, i.e. build is platform dependent!
2021-09-24 10:15:49,473 [Worker-41: Building] INFO  o.e.m.c.i.embedder.EclipseLogger - skip non existing resourceDirectory C:\Users\admin\Desktop\DuAn\DuAnNhaTruong\src\main\resources
2021-09-24 10:15:49,475 [Worker-41: Building] WARN  o.e.m.c.i.embedder.EclipseLogger - Using platform encoding (Cp1252 actually) to copy filtered resources, i.e. build is platform dependent!
2021-09-24 10:15:49,477 [Worker-41: Building] INFO  o.e.m.c.i.embedder.EclipseLogger - skip non existing resourceDirectory C:\Users\admin\Desktop\DuAn\DuAnNhaTruong\src\test\resources
2021-09-24 10:16:09,631 [Worker-40: Building] WARN  o.e.m.c.i.embedder.EclipseLogger - Using platform encoding (Cp1252 actually) to copy filtered resources, i.e. build is platform dependent!
2021-09-24 10:16:09,635 [Worker-40: Building] INFO  o.e.m.c.i.embedder.EclipseLogger - skip non existing resourceDirectory C:\Users\admin\Desktop\DuAn\DuAnNhaTruong\src\main\resources
2021-09-24 10:16:09,637 [Worker-40: Building] WARN  o.e.m.c.i.embedder.EclipseLogger - Using platform encoding (Cp1252 actually) to copy filtered resources, i.e. build is platform dependent!
2021-09-24 10:16:09,638 [Worker-40: Building] INFO  o.e.m.c.i.embedder.EclipseLogger - skip non existing resourceDirectory C:\Users\admin\Desktop\DuAn\DuAnNhaTruong\src\test\resources
2021-09-24 10:16:23,512 [Worker-41: Building] WARN  o.e.m.c.i.embedder.EclipseLogger - Using platform encoding (Cp1252 actually) to copy filtered resources, i.e. build is platform dependent!
2021-09-24 10:16:23,513 [Worker-41: Building] INFO  o.e.m.c.i.embedder.EclipseLogger - skip non existing resourceDirectory C:\Users\admin\Desktop\DuAn\DuAnNhaTruong\src\main\resources
2021-09-24 10:16:23,515 [Worker-41: Building] WARN  o.e.m.c.i.embedder.EclipseLogger - Using platform encoding (Cp1252 actually) to copy filtered resources, i.e. build is platform dependent!
2021-09-24 10:16:23,517 [Worker-41: Building] INFO  o.e.m.c.i.embedder.EclipseLogger - skip non existing resourceDirectory C:\Users\admin\Desktop\DuAn\DuAnNhaTruong\src\test\resources
2021-09-24 10:18:29,140 [Worker-45: Building] WARN  o.e.m.c.i.embedder.EclipseLogger - Using platform encoding (Cp1252 actually) to copy filtered resources, i.e. build is platform dependent!
2021-09-24 10:18:29,141 [Worker-45: Building] INFO  o.e.m.c.i.embedder.EclipseLogger - skip non existing resourceDirectory C:\Users\admin\Desktop\DuAn\DuAnNhaTruong\src\main\resources
2021-09-24 10:18:29,143 [Worker-45: Building] WARN  o.e.m.c.i.embedder.EclipseLogger - Using platform encoding (Cp1252 actually) to copy filtered resources, i.e. build is platform dependent!
2021-09-24 10:18:29,145 [Worker-45: Building] INFO  o.e.m.c.i.embedder.EclipseLogger - skip non existing resourceDirectory C:\Users\admin\Desktop\DuAn\DuAnNhaTruong\src\test\resources
2021-09-24 10:18:36,834 [Worker-41: Building] WARN  o.e.m.c.i.embedder.EclipseLogger - Using platform encoding (Cp1252 actually) to copy filtered resources, i.e. build is platform dependent!
2021-09-24 10:18:36,835 [Worker-41: Building] INFO  o.e.m.c.i.embedder.EclipseLogger - skip non existing resourceDirectory C:\Users\admin\Desktop\DuAn\DuAnNhaTruong\src\main\resources
2021-09-24 10:18:36,838 [Worker-41: Building] WARN  o.e.m.c.i.embedder.EclipseLogger - Using platform encoding (Cp1252 actually) to copy filtered resources, i.e. build is platform dependent!
2021-09-24 10:18:36,839 [Worker-41: Building] INFO  o.e.m.c.i.embedder.EclipseLogger - skip non existing resourceDirectory C:\Users\admin\Desktop\DuAn\DuAnNhaTruong\src\test\resources
2021-09-24 10:18:52,429 [Worker-41: Building] WARN  o.e.m.c.i.embedder.EclipseLogger - Using platform encoding (Cp1252 actually) to copy filtered resources, i.e. build is platform dependent!
2021-09-24 10:18:52,431 [Worker-41: Building] INFO  o.e.m.c.i.embedder.EclipseLogger - skip non existing resourceDirectory C:\Users\admin\Desktop\DuAn\DuAnNhaTruong\src\main\resources
2021-09-24 10:18:52,433 [Worker-41: Building] WARN  o.e.m.c.i.embedder.EclipseLogger - Using platform encoding (Cp1252 actually) to copy filtered resources, i.e. build is platform dependent!
2021-09-24 10:18:52,434 [Worker-41: Building] INFO  o.e.m.c.i.embedder.EclipseLogger - skip non existing resourceDirectory C:\Users\admin\Desktop\DuAn\DuAnNhaTruong\src\test\resources
2021-09-24 10:19:42,424 [Worker-43: Building] WARN  o.e.m.c.i.embedder.EclipseLogger - Using platform encoding (Cp1252 actually) to copy filtered resources, i.e. build is platform dependent!
2021-09-24 10:19:42,426 [Worker-43: Building] INFO  o.e.m.c.i.embedder.EclipseLogger - skip non existing resourceDirectory C:\Users\admin\Desktop\DuAn\DuAnNhaTruong\src\main\resources
2021-09-24 10:19:42,428 [Worker-43: Building] WARN  o.e.m.c.i.embedder.EclipseLogger - Using platform encoding (Cp1252 actually) to copy filtered resources, i.e. build is platform dependent!
2021-09-24 10:19:42,431 [Worker-43: Building] INFO  o.e.m.c.i.embedder.EclipseLogger - skip non existing resourceDirectory C:\Users\admin\Desktop\DuAn\DuAnNhaTruong\src\test\resources
2021-09-24 10:19:55,021 [Worker-43: Building] WARN  o.e.m.c.i.embedder.EclipseLogger - Using platform encoding (Cp1252 actually) to copy filtered resources, i.e. build is platform dependent!
2021-09-24 10:19:55,023 [Worker-43: Building] INFO  o.e.m.c.i.embedder.EclipseLogger - skip non existing resourceDirectory C:\Users\admin\Desktop\DuAn\DuAnNhaTruong\src\main\resources
2021-09-24 10:19:55,031 [Worker-43: Building] WARN  o.e.m.c.i.embedder.EclipseLogger - Using platform encoding (Cp1252 actually) to copy filtered resources, i.e. build is platform dependent!
2021-09-24 10:19:55,032 [Worker-43: Building] INFO  o.e.m.c.i.embedder.EclipseLogger - skip non existing resourceDirectory C:\Users\admin\Desktop\DuAn\DuAnNhaTruong\src\test\resources
2021-09-24 10:20:12,468 [Worker-43: Building] WARN  o.e.m.c.i.embedder.EclipseLogger - Using platform encoding (Cp1252 actually) to copy filtered resources, i.e. build is platform dependent!
2021-09-24 10:20:12,469 [Worker-43: Building] INFO  o.e.m.c.i.embedder.EclipseLogger - skip non existing resourceDirectory C:\Users\admin\Desktop\DuAn\DuAnNhaTruong\src\main\resources
2021-09-24 10:20:12,471 [Worker-43: Building] WARN  o.e.m.c.i.embedder.EclipseLogger - Using platform encoding (Cp1252 actually) to copy filtered resources, i.e. build is platform dependent!
2021-09-24 10:20:12,481 [Worker-43: Building] INFO  o.e.m.c.i.embedder.EclipseLogger - skip non existing resourceDirectory C:\Users\admin\Desktop\DuAn\DuAnNhaTruong\src\test\resources
2021-09-24 10:20:15,515 [Worker-45: Building] WARN  o.e.m.c.i.embedder.EclipseLogger - Using platform encoding (Cp1252 actually) to copy filtered resources, i.e. build is platform dependent!
2021-09-24 10:20:15,531 [Worker-45: Building] INFO  o.e.m.c.i.embedder.EclipseLogger - skip non existing resourceDirectory C:\Users\admin\Desktop\DuAn\DuAnNhaTruong\src\main\resources
2021-09-24 10:20:15,534 [Worker-45: Building] WARN  o.e.m.c.i.embedder.EclipseLogger - Using platform encoding (Cp1252 actually) to copy filtered resources, i.e. build is platform dependent!
2021-09-24 10:20:15,546 [Worker-45: Building] INFO  o.e.m.c.i.embedder.EclipseLogger - skip non existing resourceDirectory C:\Users\admin\Desktop\DuAn\DuAnNhaTruong\src\test\resources
2021-09-24 10:21:17,893 [Worker-46: Building] WARN  o.e.m.c.i.embedder.EclipseLogger - Using platform encoding (Cp1252 actually) to copy filtered resources, i.e. build is platform dependent!
2021-09-24 10:21:17,894 [Worker-46: Building] INFO  o.e.m.c.i.embedder.EclipseLogger - skip non existing resourceDirectory C:\Users\admin\Desktop\DuAn\DuAnNhaTruong\src\main\resources
2021-09-24 10:21:17,897 [Worker-46: Building] WARN  o.e.m.c.i.embedder.EclipseLogger - Using platform encoding (Cp1252 actually) to copy filtered resources, i.e. build is platform dependent!
2021-09-24 10:21:17,899 [Worker-46: Building] INFO  o.e.m.c.i.embedder.EclipseLogger - skip non existing resourceDirectory C:\Users\admin\Desktop\DuAn\DuAnNhaTruong\src\test\resources
2021-09-24 10:21:25,771 [Worker-43: Building] WARN  o.e.m.c.i.embedder.EclipseLogger - Using platform encoding (Cp1252 actually) to copy filtered resources, i.e. build is platform dependent!
2021-09-24 10:21:25,772 [Worker-43: Building] INFO  o.e.m.c.i.embedder.EclipseLogger - skip non existing resourceDirectory C:\Users\admin\Desktop\DuAn\DuAnNhaTruong\src\main\resources
2021-09-24 10:21:25,774 [Worker-43: Building] WARN  o.e.m.c.i.embedder.EclipseLogger - Using platform encoding (Cp1252 actually) to copy filtered resources, i.e. build is platform dependent!
2021-09-24 10:21:25,776 [Worker-43: Building] INFO  o.e.m.c.i.embedder.EclipseLogger - skip non existing resourceDirectory C:\Users\admin\Desktop\DuAn\DuAnNhaTruong\src\test\resources
2021-09-24 10:21:33,208 [Worker-44: Building] WARN  o.e.m.c.i.embedder.EclipseLogger - Using platform encoding (Cp1252 actually) to copy filtered resources, i.e. build is platform dependent!
2021-09-24 10:21:33,210 [Worker-44: Building] INFO  o.e.m.c.i.embedder.EclipseLogger - skip non existing resourceDirectory C:\Users\admin\Desktop\DuAn\DuAnNhaTruong\src\main\resources
2021-09-24 10:21:33,216 [Worker-44: Building] WARN  o.e.m.c.i.embedder.EclipseLogger - Using platform encoding (Cp1252 actually) to copy filtered resources, i.e. build is platform dependent!
2021-09-24 10:21:33,218 [Worker-44: Building] INFO  o.e.m.c.i.embedder.EclipseLogger - skip non existing resourceDirectory C:\Users\admin\Desktop\DuAn\DuAnNhaTruong\src\test\resources
2021-09-24 10:21:39,780 [Worker-33: Building] WARN  o.e.m.c.i.embedder.EclipseLogger - Using platform encoding (Cp1252 actually) to copy filtered resources, i.e. build is platform dependent!
2021-09-24 10:21:39,781 [Worker-33: Building] INFO  o.e.m.c.i.embedder.EclipseLogger - skip non existing resourceDirectory C:\Users\admin\Desktop\DuAn\DuAnNhaTruong\src\main\resources
2021-09-24 10:21:39,783 [Worker-33: Building] WARN  o.e.m.c.i.embedder.EclipseLogger - Using platform encoding (Cp1252 actually) to copy filtered resources, i.e. build is platform dependent!
2021-09-24 10:21:39,785 [Worker-33: Building] INFO  o.e.m.c.i.embedder.EclipseLogger - skip non existing resourceDirectory C:\Users\admin\Desktop\DuAn\DuAnNhaTruong\src\test\resources
2021-09-24 10:21:49,703 [Worker-47: Building] WARN  o.e.m.c.i.embedder.EclipseLogger - Using platform encoding (Cp1252 actually) to copy filtered resources, i.e. build is platform dependent!
2021-09-24 10:21:49,704 [Worker-47: Building] INFO  o.e.m.c.i.embedder.EclipseLogger - skip non existing resourceDirectory C:\Users\admin\Desktop\DuAn\DuAnNhaTruong\src\main\resources
2021-09-24 10:21:49,706 [Worker-47: Building] WARN  o.e.m.c.i.embedder.EclipseLogger - Using platform encoding (Cp1252 actually) to copy filtered resources, i.e. build is platform dependent!
2021-09-24 10:21:49,707 [Worker-47: Building] INFO  o.e.m.c.i.embedder.EclipseLogger - skip non existing resourceDirectory C:\Users\admin\Desktop\DuAn\DuAnNhaTruong\src\test\resources
2021-09-24 10:22:08,086 [Worker-45: Building] WARN  o.e.m.c.i.embedder.EclipseLogger - Using platform encoding (Cp1252 actually) to copy filtered resources, i.e. build is platform dependent!
2021-09-24 10:22:08,088 [Worker-45: Building] INFO  o.e.m.c.i.embedder.EclipseLogger - skip non existing resourceDirectory C:\Users\admin\Desktop\DuAn\DuAnNhaTruong\src\main\resources
2021-09-24 10:22:08,090 [Worker-45: Building] WARN  o.e.m.c.i.embedder.EclipseLogger - Using platform encoding (Cp1252 actually) to copy filtered resources, i.e. build is platform dependent!
2021-09-24 10:22:08,091 [Worker-45: Building] INFO  o.e.m.c.i.embedder.EclipseLogger - skip non existing resourceDirectory C:\Users\admin\Desktop\DuAn\DuAnNhaTruong\src\test\resources
2021-09-24 10:22:20,005 [Worker-47: Building] WARN  o.e.m.c.i.embedder.EclipseLogger - Using platform encoding (Cp1252 actually) to copy filtered resources, i.e. build is platform dependent!
2021-09-24 10:22:20,006 [Worker-47: Building] INFO  o.e.m.c.i.embedder.EclipseLogger - skip non existing resourceDirectory C:\Users\admin\Desktop\DuAn\DuAnNhaTruong\src\main\resources
2021-09-24 10:22:20,008 [Worker-47: Building] WARN  o.e.m.c.i.embedder.EclipseLogger - Using platform encoding (Cp1252 actually) to copy filtered resources, i.e. build is platform dependent!
2021-09-24 10:22:20,010 [Worker-47: Building] INFO  o.e.m.c.i.embedder.EclipseLogger - skip non existing resourceDirectory C:\Users\admin\Desktop\DuAn\DuAnNhaTruong\src\test\resources
2021-09-24 10:22:26,438 [Worker-45: Building] WARN  o.e.m.c.i.embedder.EclipseLogger - Using platform encoding (Cp1252 actually) to copy filtered resources, i.e. build is platform dependent!
2021-09-24 10:22:26,440 [Worker-45: Building] INFO  o.e.m.c.i.embedder.EclipseLogger - skip non existing resourceDirectory C:\Users\admin\Desktop\DuAn\DuAnNhaTruong\src\main\resources
2021-09-24 10:22:26,441 [Worker-45: Building] WARN  o.e.m.c.i.embedder.EclipseLogger - Using platform encoding (Cp1252 actually) to copy filtered resources, i.e. build is platform dependent!
2021-09-24 10:22:26,443 [Worker-45: Building] INFO  o.e.m.c.i.embedder.EclipseLogger - skip non existing resourceDirectory C:\Users\admin\Desktop\DuAn\DuAnNhaTruong\src\test\resources
2021-09-24 10:22:33,940 [Worker-33: Building] WARN  o.e.m.c.i.embedder.EclipseLogger - Using platform encoding (Cp1252 actually) to copy filtered resources, i.e. build is platform dependent!
2021-09-24 10:22:33,942 [Worker-33: Building] INFO  o.e.m.c.i.embedder.EclipseLogger - skip non existing resourceDirectory C:\Users\admin\Desktop\DuAn\DuAnNhaTruong\src\main\resources
2021-09-24 10:22:33,944 [Worker-33: Building] WARN  o.e.m.c.i.embedder.EclipseLogger - Using platform encoding (Cp1252 actually) to copy filtered resources, i.e. build is platform dependent!
2021-09-24 10:22:33,945 [Worker-33: Building] INFO  o.e.m.c.i.embedder.EclipseLogger - skip non existing resourceDirectory C:\Users\admin\Desktop\DuAn\DuAnNhaTruong\src\test\resources
2021-09-24 10:22:39,203 [Worker-47: Building] WARN  o.e.m.c.i.embedder.EclipseLogger - Using platform encoding (Cp1252 actually) to copy filtered resources, i.e. build is platform dependent!
2021-09-24 10:22:39,204 [Worker-47: Building] INFO  o.e.m.c.i.embedder.EclipseLogger - skip non existing resourceDirectory C:\Users\admin\Desktop\DuAn\DuAnNhaTruong\src\main\resources
2021-09-24 10:22:39,206 [Worker-47: Building] WARN  o.e.m.c.i.embedder.EclipseLogger - Using platform encoding (Cp1252 actually) to copy filtered resources, i.e. build is platform dependent!
2021-09-24 10:22:39,207 [Worker-47: Building] INFO  o.e.m.c.i.embedder.EclipseLogger - skip non existing resourceDirectory C:\Users\admin\Desktop\DuAn\DuAnNhaTruong\src\test\resources
2021-09-24 10:22:48,487 [Worker-47: Building] WARN  o.e.m.c.i.embedder.EclipseLogger - Using platform encoding (Cp1252 actually) to copy filtered resources, i.e. build is platform dependent!
2021-09-24 10:22:48,489 [Worker-47: Building] INFO  o.e.m.c.i.embedder.EclipseLogger - skip non existing resourceDirectory C:\Users\admin\Desktop\DuAn\DuAnNhaTruong\src\main\resources
2021-09-24 10:22:48,490 [Worker-47: Building] WARN  o.e.m.c.i.embedder.EclipseLogger - Using platform encoding (Cp1252 actually) to copy filtered resources, i.e. build is platform dependent!
2021-09-24 10:22:48,492 [Worker-47: Building] INFO  o.e.m.c.i.embedder.EclipseLogger - skip non existing resourceDirectory C:\Users\admin\Desktop\DuAn\DuAnNhaTruong\src\test\resources
2021-09-24 10:28:35,788 [Worker-45: Building] WARN  o.e.m.c.i.embedder.EclipseLogger - Using platform encoding (Cp1252 actually) to copy filtered resources, i.e. build is platform dependent!
2021-09-24 10:28:35,790 [Worker-45: Building] INFO  o.e.m.c.i.embedder.EclipseLogger - skip non existing resourceDirectory C:\Users\admin\Desktop\DuAn\DuAnNhaTruong\src\main\resources
2021-09-24 10:28:35,792 [Worker-45: Building] WARN  o.e.m.c.i.embedder.EclipseLogger - Using platform encoding (Cp1252 actually) to copy filtered resources, i.e. build is platform dependent!
2021-09-24 10:28:35,793 [Worker-45: Building] INFO  o.e.m.c.i.embedder.EclipseLogger - skip non existing resourceDirectory C:\Users\admin\Desktop\DuAn\DuAnNhaTruong\src\test\resources
2021-09-24 10:30:51,847 [Worker-49: Building] WARN  o.e.m.c.i.embedder.EclipseLogger - Using platform encoding (Cp1252 actually) to copy filtered resources, i.e. build is platform dependent!
2021-09-24 10:30:51,848 [Worker-49: Building] INFO  o.e.m.c.i.embedder.EclipseLogger - skip non existing resourceDirectory C:\Users\admin\Desktop\DuAn\DuAnNhaTruong\src\main\resources
2021-09-24 10:30:51,849 [Worker-49: Building] WARN  o.e.m.c.i.embedder.EclipseLogger - Using platform encoding (Cp1252 actually) to copy filtered resources, i.e. build is platform dependent!
2021-09-24 10:30:51,851 [Worker-49: Building] INFO  o.e.m.c.i.embedder.EclipseLogger - skip non existing resourceDirectory C:\Users\admin\Desktop\DuAn\DuAnNhaTruong\src\test\resources
2021-09-24 10:31:28,529 [Worker-45: Building] WARN  o.e.m.c.i.embedder.EclipseLogger - Using platform encoding (Cp1252 actually) to copy filtered resources, i.e. build is platform dependent!
2021-09-24 10:31:28,530 [Worker-45: Building] INFO  o.e.m.c.i.embedder.EclipseLogger - skip non existing resourceDirectory C:\Users\admin\Desktop\DuAn\DuAnNhaTruong\src\main\resources
2021-09-24 10:31:28,532 [Worker-45: Building] WARN  o.e.m.c.i.embedder.EclipseLogger - Using platform encoding (Cp1252 actually) to copy filtered resources, i.e. build is platform dependent!
2021-09-24 10:31:28,533 [Worker-45: Building] INFO  o.e.m.c.i.embedder.EclipseLogger - skip non existing resourceDirectory C:\Users\admin\Desktop\DuAn\DuAnNhaTruong\src\test\resources
2021-09-24 10:32:45,619 [Worker-45: Building] WARN  o.e.m.c.i.embedder.EclipseLogger - Using platform encoding (Cp1252 actually) to copy filtered resources, i.e. build is platform dependent!
2021-09-24 10:32:45,621 [Worker-45: Building] INFO  o.e.m.c.i.embedder.EclipseLogger - skip non existing resourceDirectory C:\Users\admin\Desktop\DuAn\DuAnNhaTruong\src\main\resources
2021-09-24 10:32:45,622 [Worker-45: Building] WARN  o.e.m.c.i.embedder.EclipseLogger - Using platform encoding (Cp1252 actually) to copy filtered resources, i.e. build is platform dependent!
2021-09-24 10:32:45,624 [Worker-45: Building] INFO  o.e.m.c.i.embedder.EclipseLogger - skip non existing resourceDirectory C:\Users\admin\Desktop\DuAn\DuAnNhaTruong\src\test\resources
2021-09-24 10:33:09,658 [Worker-45: Building] WARN  o.e.m.c.i.embedder.EclipseLogger - Using platform encoding (Cp1252 actually) to copy filtered resources, i.e. build is platform dependent!
2021-09-24 10:33:09,659 [Worker-45: Building] INFO  o.e.m.c.i.embedder.EclipseLogger - skip non existing resourceDirectory C:\Users\admin\Desktop\DuAn\DuAnNhaTruong\src\main\resources
2021-09-24 10:33:09,661 [Worker-45: Building] WARN  o.e.m.c.i.embedder.EclipseLogger - Using platform encoding (Cp1252 actually) to copy filtered resources, i.e. build is platform dependent!
2021-09-24 10:33:09,663 [Worker-45: Building] INFO  o.e.m.c.i.embedder.EclipseLogger - skip non existing resourceDirectory C:\Users\admin\Desktop\DuAn\DuAnNhaTruong\src\test\resources
